This is pdfTeX, Version 3.141592653-2.6-1.40.25 (TeX Live 2023) (preloaded format=pdflatex 2023.11.13)  31 JUL 2025 10:35
entering extended mode
 restricted \write18 enabled.
 file:line:error style messages enabled.
 %&-line parsing enabled.
**/Users/paulgarnier/github/phd/paper_aneurysms/paper.tex
(/Users/paulgarnier/github/phd/paper_aneurysms/paper.tex
LaTeX2e <2022-11-01> patch level 1
L3 programming layer <2023-02-22> (/usr/local/texlive/2023/texmf-dist/tex/latex/revtex/revtex4-2.cls
Document Class: revtex4-2 2020/10/03 4.2e (https://journals.aps.org/revtex/ for documentation)
 Copyright (c) 2019 American Physical Society.
 mailto:revtex@aps.org
 Licensed under the LPPL:
http://www.ctan.org/tex-archive/macros/latex/base/lppl.txt
 Arthur Ogawa <arthur_ogawa at sbcglobal dot net>
 Based on work by David Carlisle <david at dcarlisle.demon.co.uk>
 Version (4.2d,4.2e): Modified by Mark Doyle and Phelype Oleinik
 .
ltxutil[2020/10/03 4.2e utilities package (portions licensed from W. E. Baxter web at superscript.com)]
LaTeX Info: Redefining \@centercr on input line 356.
Class revtex4-2 Info: Repairing hyperref-unfriendly LaTeX definition of \mpfootnote on input line 481.
Class revtex4-2 Info: Repairing broken LateX \@sect on input line 803.
\intertabularlinepenalty=\count185
\@tbpen=\count186
\@arstrutbox@hline=\box51
Class revtex4-2 Info: Repairing broken LaTeX \@xbitor on input line 1834.
Class revtex4-2 Info: Making \typeout \long on input line 2099.
ltxfront[2020/10/03 4.2e frontmatter package (AO,DPC,MD)]
\c@affil=\count187
\c@collab=\count188
\absbox=\box52
ltxgrid[2020/10/03 4.2e page grid package (portions licensed from W. E. Baxter web at superscript.com)]
\c@linecount=\count189
\output@latex=\toks16
\box@size@1=\box53
\box@size@2=\box54
\@protection@box=\box55
\@topmark@saved=\toks17
\footins@saved=\box56
\footins@recovered=\box57
\column@recovered=\box58
\pagesofar=\box59
\footsofar=\box60
\pagegrid@col=\count190
Class revtex4-2 Info: Overriding \@vspace, \@vspacer, \@no@pgbk, \@newline, and \\  on input line 5665.
\c@part=\count191
\c@section=\count192
\c@subsection=\count193
\c@subsubsection=\count194
\c@paragraph=\count195
\c@subparagraph=\count196
\abovecaptionskip=\skip48
\belowcaptionskip=\skip49
\c@figure=\count197
\fbox@1=\box61
\c@table=\count198
\fbox@2=\box62
\c@video=\count199
\fbox@4=\box63
\@bibdataout=\write3
\widetext@top=\box64
\widetext@bot=\box65
Class revtex4-2 Info: Selecting society aps on input line 7658.
(/usr/local/texlive/2023/texmf-dist/tex/latex/revtex/aps4-2.rtx
File: aps4-2 2020/10/03 4.2e (https://journals.aps.org/revtex/ for documentation)
Class revtex4-2 Info: RevTeX society APS selected on input line 40.
)

Class revtex4-2 Warning: No journal specified, using default pra.

Class revtex4-2 Info: APS journal PRA selected on input line 7661.
(/usr/local/texlive/2023/texmf-dist/tex/latex/revtex/aps10pt4-2.rtx
File: aps10pt4-2 2020/10/03 4.2e (https://journals.aps.org/revtex/ for documentation)
Class revtex4-2 Info: RevTeX pointsize 10pt selected on input line 39.
) (/usr/local/texlive/2023/texmf-dist/tex/latex/textcase/textcase.sty
Package: textcase 2022/07/10 v1.03 Text only upper/lower case changing (DPC)
Package textcase Info: Defining Legacy names on input line 20.
) (/usr/local/texlive/2023/texmf-dist/tex/latex/amsfonts/amssymb.sty
Package: amssymb 2013/01/14 v3.01 AMS font symbols
 (/usr/local/texlive/2023/texmf-dist/tex/latex/amsfonts/amsfonts.sty
Package: amsfonts 2013/01/14 v3.01 Basic AMSFonts support
\@emptytoks=\toks18
\symAMSa=\mathgroup4
\symAMSb=\mathgroup5
LaTeX Font Info:    Redeclaring math symbol \hbar on input line 98.
LaTeX Font Info:    Overwriting math alphabet `\mathfrak' in version `bold'
(Font)                  U/euf/m/n --> U/euf/b/n on input line 106.
)) (/usr/local/texlive/2023/texmf-dist/tex/latex/amsmath/amsmath.sty
Package: amsmath 2022/04/08 v2.17n AMS math features
\@mathmargin=\skip50

For additional information on amsmath, use the `?' option.
(/usr/local/texlive/2023/texmf-dist/tex/latex/amsmath/amstext.sty
Package: amstext 2021/08/26 v2.01 AMS text
 (/usr/local/texlive/2023/texmf-dist/tex/latex/amsmath/amsgen.sty
File: amsgen.sty 1999/11/30 v2.0 generic functions
\@emptytoks=\toks19
\ex@=\dimen140
)
LaTeX Info: Redefining \text on input line 28.
) (/usr/local/texlive/2023/texmf-dist/tex/latex/amsmath/amsbsy.sty
Package: amsbsy 1999/11/29 v1.2d Bold Symbols
\pmbraise@=\dimen141
) (/usr/local/texlive/2023/texmf-dist/tex/latex/amsmath/amsopn.sty
Package: amsopn 2022/04/08 v2.04 operator names
)
\inf@bad=\count266
LaTeX Info: Redefining \frac on input line 234.
\uproot@=\count267
\leftroot@=\count268
LaTeX Info: Redefining \overline on input line 399.
LaTeX Info: Redefining \colon on input line 410.
\classnum@=\count269
\DOTSCASE@=\count270
LaTeX Info: Redefining \ldots on input line 496.
LaTeX Info: Redefining \dots on input line 499.
LaTeX Info: Redefining \cdots on input line 620.
\Mathstrutbox@=\box66
\strutbox@=\box67
LaTeX Info: Redefining \big on input line 722.
LaTeX Info: Redefining \Big on input line 723.
LaTeX Info: Redefining \bigg on input line 724.
LaTeX Info: Redefining \Bigg on input line 725.
\big@size=\dimen142
LaTeX Font Info:    Redeclaring font encoding OML on input line 743.
LaTeX Font Info:    Redeclaring font encoding OMS on input line 744.
\macc@depth=\count271
LaTeX Info: Redefining \bmod on input line 905.
LaTeX Info: Redefining \pmod on input line 910.
LaTeX Info: Redefining \smash on input line 940.
LaTeX Info: Redefining \relbar on input line 970.
LaTeX Info: Redefining \Relbar on input line 971.
\c@MaxMatrixCols=\count272
\dotsspace@=\muskip16
\c@parentequation=\count273
\dspbrk@lvl=\count274
\tag@help=\toks20
\row@=\count275
\column@=\count276
\maxfields@=\count277
\andhelp@=\toks21
\eqnshift@=\dimen143
\alignsep@=\dimen144
\tagshift@=\dimen145
\tagwidth@=\dimen146
\totwidth@=\dimen147
\lineht@=\dimen148
\@envbody=\toks22
\multlinegap=\skip51
\multlinetaggap=\skip52
\mathdisplay@stack=\toks23
LaTeX Info: Redefining \[ on input line 2953.
LaTeX Info: Redefining \] on input line 2954.
) (/usr/local/texlive/2023/texmf-dist/tex/latex/url/url.sty
\Urlmuskip=\muskip17
Package: url 2013/09/16  ver 3.4  Verb mode for urls, etc.
) (/usr/local/texlive/2023/texmf-dist/tex/latex/natbib/natbib.sty
Package: natbib 2010/09/13 8.31b (PWD, AO)
\bibhang=\skip53
\bibsep=\skip54
LaTeX Info: Redefining \cite on input line 694.
\c@NAT@ctr=\count278
)
Class revtex4-2 Info: Repairing natbib's \BibitemShut on input line 7665.
 (/usr/local/texlive/2023/texmf-dist/tex/latex/revtex/revsymb4-2.sty
Package: revsymb4-2 2020/10/03 4.2e (https://journals.aps.org/revtex/ for documentation)
LaTeX Info: Redefining \frak on input line 104.
LaTeX Info: Redefining \Bbb on input line 120.
LaTeX Info: Redefining \REV@mathfrak on input line 128.
)) (/usr/local/texlive/2023/texmf-dist/tex/latex/graphics/graphicx.sty
Package: graphicx 2021/09/16 v1.2d Enhanced LaTeX Graphics (DPC,SPQR)
 (/usr/local/texlive/2023/texmf-dist/tex/latex/graphics/keyval.sty
Package: keyval 2022/05/29 v1.15 key=value parser (DPC)
\KV@toks@=\toks24
) (/usr/local/texlive/2023/texmf-dist/tex/latex/graphics/graphics.sty
Package: graphics 2022/03/10 v1.4e Standard LaTeX Graphics (DPC,SPQR)
 (/usr/local/texlive/2023/texmf-dist/tex/latex/graphics/trig.sty
Package: trig 2021/08/11 v1.11 sin cos tan (DPC)
) (/usr/local/texlive/2023/texmf-dist/tex/latex/graphics-cfg/graphics.cfg
File: graphics.cfg 2016/06/04 v1.11 sample graphics configuration
)
Package graphics Info: Driver file: pdftex.def on input line 107.
 (/usr/local/texlive/2023/texmf-dist/tex/latex/graphics-def/pdftex.def
File: pdftex.def 2022/09/22 v1.2b Graphics/color driver for pdftex
))
\Gin@req@height=\dimen149
\Gin@req@width=\dimen150
) (/usr/local/texlive/2023/texmf-dist/tex/latex/tools/dcolumn.sty
Package: dcolumn 2014/10/28 v1.06 decimal alignment package (DPC)
 (/usr/local/texlive/2023/texmf-dist/tex/latex/tools/array.sty
Package: array 2022/09/04 v2.5g Tabular extension package (FMi)
\col@sep=\dimen151
\ar@mcellbox=\box68
\extrarowheight=\dimen152
\NC@list=\toks25
\extratabsurround=\skip55
\backup@length=\skip56
\ar@cellbox=\box69
)) (/usr/local/texlive/2023/texmf-dist/tex/latex/caption/subcaption.sty
Package: subcaption 2023/02/19 v1.6 Sub-captions (AR)
 (/usr/local/texlive/2023/texmf-dist/tex/latex/caption/caption.sty
Package: caption 2023/03/12 v3.6j Customizing captions (AR)
 (/usr/local/texlive/2023/texmf-dist/tex/latex/caption/caption3.sty
Package: caption3 2023/03/12 v2.4 caption3 kernel (AR)
\caption@tempdima=\dimen153
\captionmargin=\dimen154
\caption@leftmargin=\dimen155
\caption@rightmargin=\dimen156
\caption@width=\dimen157
\caption@indent=\dimen158
\caption@parindent=\dimen159
\caption@hangindent=\dimen160
Package caption Info: Unknown document class (or package),
(caption)             standard defaults will be used.
Package caption Info: \@makecaption = \long macro:#1#2->\par \vskip \abovecaptionskip \begingroup \small \rmfamily \sbox \@tempboxa {\let \\\heading@cr \@make@capt@title {#1}{#2}}\@ifdim {\wd \@tempboxa >\hsize }{\begingroup \samepage \flushing \let \footnote \@footnotemark@gobble \@make@capt@title {#1}{#2}\par \endgroup }{\global \@minipagefalse \hb@xt@ \hsize {\hfil \unhbox \@tempboxa \hfil }}\endgroup \vskip \belowcaptionskip  on input line 1176.
)

Package caption Warning: Unknown document class (or package),
(caption)                standard defaults will be used.
See the caption package documentation for explanation.

\c@caption@flags=\count279
\c@continuedfloat=\count280
)
Package caption Info: New subtype `subfigure' on input line 239.
\c@subfigure=\count281
Package caption Info: New subtype `subtable' on input line 239.
\c@subtable=\count282
) (/usr/local/texlive/2023/texmf-dist/tex/latex/tools/bm.sty
Package: bm 2022/01/05 v1.2f Bold Symbol Support (DPC/FMi)
\symboldoperators=\mathgroup6
\symboldletters=\mathgroup7
\symboldsymbols=\mathgroup8
Package bm Info: No bold for \OMX/cmex/m/n, using \pmb.
Package bm Info: No bold for \U/msa/m/n, using \pmb.
Package bm Info: No bold for \U/msb/m/n, using \pmb.
LaTeX Font Info:    Redeclaring math alphabet \mathbf on input line 149.
LaTeX Info: Redefining \bm on input line 219.
) (/usr/local/texlive/2023/texmf-dist/tex/latex/hyperref/hyperref.sty
Package: hyperref 2023-02-07 v7.00v Hypertext links for LaTeX
 (/usr/local/texlive/2023/texmf-dist/tex/generic/ltxcmds/ltxcmds.sty
Package: ltxcmds 2020-05-10 v1.25 LaTeX kernel commands for general use (HO)
) (/usr/local/texlive/2023/texmf-dist/tex/generic/iftex/iftex.sty
Package: iftex 2022/02/03 v1.0f TeX engine tests
) (/usr/local/texlive/2023/texmf-dist/tex/generic/pdftexcmds/pdftexcmds.sty
Package: pdftexcmds 2020-06-27 v0.33 Utility functions of pdfTeX for LuaTeX (HO)
 (/usr/local/texlive/2023/texmf-dist/tex/generic/infwarerr/infwarerr.sty
Package: infwarerr 2019/12/03 v1.5 Providing info/warning/error messages (HO)
)
Package pdftexcmds Info: \pdf@primitive is available.
Package pdftexcmds Info: \pdf@ifprimitive is available.
Package pdftexcmds Info: \pdfdraftmode found.
) (/usr/local/texlive/2023/texmf-dist/tex/latex/kvsetkeys/kvsetkeys.sty
Package: kvsetkeys 2022-10-05 v1.19 Key value parser (HO)
) (/usr/local/texlive/2023/texmf-dist/tex/generic/kvdefinekeys/kvdefinekeys.sty
Package: kvdefinekeys 2019-12-19 v1.6 Define keys (HO)
) (/usr/local/texlive/2023/texmf-dist/tex/generic/pdfescape/pdfescape.sty
Package: pdfescape 2019/12/09 v1.15 Implements pdfTeX's escape features (HO)
) (/usr/local/texlive/2023/texmf-dist/tex/latex/hycolor/hycolor.sty
Package: hycolor 2020-01-27 v1.10 Color options for hyperref/bookmark (HO)
) (/usr/local/texlive/2023/texmf-dist/tex/latex/letltxmacro/letltxmacro.sty
Package: letltxmacro 2019/12/03 v1.6 Let assignment for LaTeX macros (HO)
) (/usr/local/texlive/2023/texmf-dist/tex/latex/auxhook/auxhook.sty
Package: auxhook 2019-12-17 v1.6 Hooks for auxiliary files (HO)
) (/usr/local/texlive/2023/texmf-dist/tex/latex/hyperref/nameref.sty
Package: nameref 2022-05-17 v2.50 Cross-referencing by name of section
 (/usr/local/texlive/2023/texmf-dist/tex/latex/refcount/refcount.sty
Package: refcount 2019/12/15 v3.6 Data extraction from label references (HO)
) (/usr/local/texlive/2023/texmf-dist/tex/generic/gettitlestring/gettitlestring.sty
Package: gettitlestring 2019/12/15 v1.6 Cleanup title references (HO)
 (/usr/local/texlive/2023/texmf-dist/tex/latex/kvoptions/kvoptions.sty
Package: kvoptions 2022-06-15 v3.15 Key value format for package options (HO)
))
\c@section@level=\count283
)
\@linkdim=\dimen161
\Hy@linkcounter=\count284
\Hy@pagecounter=\count285
 (/usr/local/texlive/2023/texmf-dist/tex/latex/hyperref/pd1enc.def
File: pd1enc.def 2023-02-07 v7.00v Hyperref: PDFDocEncoding definition (HO)
Now handling font encoding PD1 ...
... no UTF-8 mapping file for font encoding PD1
) (/usr/local/texlive/2023/texmf-dist/tex/generic/intcalc/intcalc.sty
Package: intcalc 2019/12/15 v1.3 Expandable calculations with integers (HO)
) (/usr/local/texlive/2023/texmf-dist/tex/generic/etexcmds/etexcmds.sty
Package: etexcmds 2019/12/15 v1.7 Avoid name clashes with e-TeX commands (HO)
)
\Hy@SavedSpaceFactor=\count286
 (/usr/local/texlive/2023/texmf-dist/tex/latex/hyperref/puenc.def
File: puenc.def 2023-02-07 v7.00v Hyperref: PDF Unicode definition (HO)
Now handling font encoding PU ...
... no UTF-8 mapping file for font encoding PU
)
Package hyperref Info: Hyper figures OFF on input line 4177.
Package hyperref Info: Link nesting OFF on input line 4182.
Package hyperref Info: Hyper index ON on input line 4185.
Package hyperref Info: Plain pages OFF on input line 4192.
Package hyperref Info: Backreferencing OFF on input line 4197.
Package hyperref Info: Implicit mode ON; LaTeX internals redefined.
Package hyperref Info: Bookmarks ON on input line 4425.
LaTeX Info: Redefining \href on input line 4674.
\c@Hy@tempcnt=\count287
LaTeX Info: Redefining \url on input line 4763.
\XeTeXLinkMargin=\dimen162
 (/usr/local/texlive/2023/texmf-dist/tex/generic/bitset/bitset.sty
Package: bitset 2019/12/09 v1.3 Handle bit-vector datatype (HO)
 (/usr/local/texlive/2023/texmf-dist/tex/generic/bigintcalc/bigintcalc.sty
Package: bigintcalc 2019/12/15 v1.5 Expandable calculations on big integers (HO)
))
\Fld@menulength=\count288
\Field@Width=\dimen163
\Fld@charsize=\dimen164
Package hyperref Info: Hyper figures OFF on input line 6042.
Package hyperref Info: Link nesting OFF on input line 6047.
Package hyperref Info: Hyper index ON on input line 6050.
Package hyperref Info: backreferencing OFF on input line 6057.
Package hyperref Info: Link coloring OFF on input line 6062.
Package hyperref Info: Link coloring with OCG OFF on input line 6067.
Package hyperref Info: PDF/A mode OFF on input line 6072.
 (/usr/local/texlive/2023/texmf-dist/tex/latex/base/atbegshi-ltx.sty
Package: atbegshi-ltx 2021/01/10 v1.0c Emulation of the original atbegshi
package with kernel methods
)
\Hy@abspage=\count289
\c@Item=\count290
\c@Hfootnote=\count291
)
Package hyperref Info: Driver (autodetected): hpdftex.
 (/usr/local/texlive/2023/texmf-dist/tex/latex/hyperref/hpdftex.def
File: hpdftex.def 2023-02-07 v7.00v Hyperref driver for pdfTeX
 (/usr/local/texlive/2023/texmf-dist/tex/latex/base/atveryend-ltx.sty
Package: atveryend-ltx 2020/08/19 v1.0a Emulation of the original atveryend package
with kernel methods
)
\Fld@listcount=\count292
\c@bookmark@seq@number=\count293
 (/usr/local/texlive/2023/texmf-dist/tex/latex/rerunfilecheck/rerunfilecheck.sty
Package: rerunfilecheck 2022-07-10 v1.10 Rerun checks for auxiliary files (HO)
 (/usr/local/texlive/2023/texmf-dist/tex/generic/uniquecounter/uniquecounter.sty
Package: uniquecounter 2019/12/15 v1.4 Provide unlimited unique counter (HO)
)
Package uniquecounter Info: New unique counter `rerunfilecheck' on input line 285.
)
\Hy@SectionHShift=\skip57
) (/usr/local/texlive/2023/texmf-dist/tex/latex/pgf/frontendlayer/tikz.sty (/usr/local/texlive/2023/texmf-dist/tex/latex/pgf/basiclayer/pgf.sty (/usr/local/texlive/2023/texmf-dist/tex/latex/pgf/utilities/pgfrcs.sty (/usr/local/texlive/2023/texmf-dist/tex/generic/pgf/utilities/pgfutil-common.tex
\pgfutil@everybye=\toks26
\pgfutil@tempdima=\dimen165
\pgfutil@tempdimb=\dimen166
) (/usr/local/texlive/2023/texmf-dist/tex/generic/pgf/utilities/pgfutil-latex.def
\pgfutil@abb=\box70
) (/usr/local/texlive/2023/texmf-dist/tex/generic/pgf/utilities/pgfrcs.code.tex (/usr/local/texlive/2023/texmf-dist/tex/generic/pgf/pgf.revision.tex)
Package: pgfrcs 2023-01-15 v3.1.10 (3.1.10)
))
Package: pgf 2023-01-15 v3.1.10 (3.1.10)
 (/usr/local/texlive/2023/texmf-dist/tex/latex/pgf/basiclayer/pgfcore.sty (/usr/local/texlive/2023/texmf-dist/tex/latex/pgf/systemlayer/pgfsys.sty (/usr/local/texlive/2023/texmf-dist/tex/generic/pgf/systemlayer/pgfsys.code.tex
Package: pgfsys 2023-01-15 v3.1.10 (3.1.10)
 (/usr/local/texlive/2023/texmf-dist/tex/generic/pgf/utilities/pgfkeys.code.tex
\pgfkeys@pathtoks=\toks27
\pgfkeys@temptoks=\toks28
 (/usr/local/texlive/2023/texmf-dist/tex/generic/pgf/utilities/pgfkeyslibraryfiltered.code.tex
\pgfkeys@tmptoks=\toks29
))
\pgf@x=\dimen167
\pgf@y=\dimen168
\pgf@xa=\dimen169
\pgf@ya=\dimen170
\pgf@xb=\dimen171
\pgf@yb=\dimen172
\pgf@xc=\dimen173
\pgf@yc=\dimen174
\pgf@xd=\dimen175
\pgf@yd=\dimen176
\w@pgf@writea=\write4
\r@pgf@reada=\read2
\c@pgf@counta=\count294
\c@pgf@countb=\count295
\c@pgf@countc=\count296
\c@pgf@countd=\count297
\t@pgf@toka=\toks30
\t@pgf@tokb=\toks31
\t@pgf@tokc=\toks32
\pgf@sys@id@count=\count298
 (/usr/local/texlive/2023/texmf-dist/tex/generic/pgf/systemlayer/pgf.cfg
File: pgf.cfg 2023-01-15 v3.1.10 (3.1.10)
)
Driver file for pgf: pgfsys-pdftex.def
 (/usr/local/texlive/2023/texmf-dist/tex/generic/pgf/systemlayer/pgfsys-pdftex.def
File: pgfsys-pdftex.def 2023-01-15 v3.1.10 (3.1.10)
 (/usr/local/texlive/2023/texmf-dist/tex/generic/pgf/systemlayer/pgfsys-common-pdf.def
File: pgfsys-common-pdf.def 2023-01-15 v3.1.10 (3.1.10)
))) (/usr/local/texlive/2023/texmf-dist/tex/generic/pgf/systemlayer/pgfsyssoftpath.code.tex
File: pgfsyssoftpath.code.tex 2023-01-15 v3.1.10 (3.1.10)
\pgfsyssoftpath@smallbuffer@items=\count299
\pgfsyssoftpath@bigbuffer@items=\count300
) (/usr/local/texlive/2023/texmf-dist/tex/generic/pgf/systemlayer/pgfsysprotocol.code.tex
File: pgfsysprotocol.code.tex 2023-01-15 v3.1.10 (3.1.10)
)) (/usr/local/texlive/2023/texmf-dist/tex/latex/xcolor/xcolor.sty
Package: xcolor 2022/06/12 v2.14 LaTeX color extensions (UK)
 (/usr/local/texlive/2023/texmf-dist/tex/latex/graphics-cfg/color.cfg
File: color.cfg 2016/01/02 v1.6 sample color configuration
)
Package xcolor Info: Driver file: pdftex.def on input line 227.
 (/usr/local/texlive/2023/texmf-dist/tex/latex/graphics/mathcolor.ltx)
Package xcolor Info: Model `cmy' substituted by `cmy0' on input line 1353.
Package xcolor Info: Model `hsb' substituted by `rgb' on input line 1357.
Package xcolor Info: Model `RGB' extended on input line 1369.
Package xcolor Info: Model `HTML' substituted by `rgb' on input line 1371.
Package xcolor Info: Model `Hsb' substituted by `hsb' on input line 1372.
Package xcolor Info: Model `tHsb' substituted by `hsb' on input line 1373.
Package xcolor Info: Model `HSB' substituted by `hsb' on input line 1374.
Package xcolor Info: Model `Gray' substituted by `gray' on input line 1375.
Package xcolor Info: Model `wave' substituted by `hsb' on input line 1376.
) (/usr/local/texlive/2023/texmf-dist/tex/generic/pgf/basiclayer/pgfcore.code.tex
Package: pgfcore 2023-01-15 v3.1.10 (3.1.10)
 (/usr/local/texlive/2023/texmf-dist/tex/generic/pgf/math/pgfmath.code.tex (/usr/local/texlive/2023/texmf-dist/tex/generic/pgf/math/pgfmathutil.code.tex) (/usr/local/texlive/2023/texmf-dist/tex/generic/pgf/math/pgfmathparser.code.tex
\pgfmath@dimen=\dimen177
\pgfmath@count=\count301
\pgfmath@box=\box71
\pgfmath@toks=\toks33
\pgfmath@stack@operand=\toks34
\pgfmath@stack@operation=\toks35
) (/usr/local/texlive/2023/texmf-dist/tex/generic/pgf/math/pgfmathfunctions.code.tex) (/usr/local/texlive/2023/texmf-dist/tex/generic/pgf/math/pgfmathfunctions.basic.code.tex) (/usr/local/texlive/2023/texmf-dist/tex/generic/pgf/math/pgfmathfunctions.trigonometric.code.tex) (/usr/local/texlive/2023/texmf-dist/tex/generic/pgf/math/pgfmathfunctions.random.code.tex) (/usr/local/texlive/2023/texmf-dist/tex/generic/pgf/math/pgfmathfunctions.comparison.code.tex) (/usr/local/texlive/2023/texmf-dist/tex/generic/pgf/math/pgfmathfunctions.base.code.tex) (/usr/local/texlive/2023/texmf-dist/tex/generic/pgf/math/pgfmathfunctions.round.code.tex) (/usr/local/texlive/2023/texmf-dist/tex/generic/pgf/math/pgfmathfunctions.misc.code.tex) (/usr/local/texlive/2023/texmf-dist/tex/generic/pgf/math/pgfmathfunctions.integerarithmetics.code.tex) (/usr/local/texlive/2023/texmf-dist/tex/generic/pgf/math/pgfmathcalc.code.tex) (/usr/local/texlive/2023/texmf-dist/tex/generic/pgf/math/pgfmathfloat.code.tex
\c@pgfmathroundto@lastzeros=\count302
)) (/usr/local/texlive/2023/texmf-dist/tex/generic/pgf/math/pgfint.code.tex) (/usr/local/texlive/2023/texmf-dist/tex/generic/pgf/basiclayer/pgfcorepoints.code.tex
File: pgfcorepoints.code.tex 2023-01-15 v3.1.10 (3.1.10)
\pgf@picminx=\dimen178
\pgf@picmaxx=\dimen179
\pgf@picminy=\dimen180
\pgf@picmaxy=\dimen181
\pgf@pathminx=\dimen182
\pgf@pathmaxx=\dimen183
\pgf@pathminy=\dimen184
\pgf@pathmaxy=\dimen185
\pgf@xx=\dimen186
\pgf@xy=\dimen187
\pgf@yx=\dimen188
\pgf@yy=\dimen189
\pgf@zx=\dimen190
\pgf@zy=\dimen191
) (/usr/local/texlive/2023/texmf-dist/tex/generic/pgf/basiclayer/pgfcorepathconstruct.code.tex
File: pgfcorepathconstruct.code.tex 2023-01-15 v3.1.10 (3.1.10)
\pgf@path@lastx=\dimen192
\pgf@path@lasty=\dimen193
) (/usr/local/texlive/2023/texmf-dist/tex/generic/pgf/basiclayer/pgfcorepathusage.code.tex
File: pgfcorepathusage.code.tex 2023-01-15 v3.1.10 (3.1.10)
\pgf@shorten@end@additional=\dimen194
\pgf@shorten@start@additional=\dimen195
) (/usr/local/texlive/2023/texmf-dist/tex/generic/pgf/basiclayer/pgfcorescopes.code.tex
File: pgfcorescopes.code.tex 2023-01-15 v3.1.10 (3.1.10)
\pgfpic=\box72
\pgf@hbox=\box73
\pgf@layerbox@main=\box74
\pgf@picture@serial@count=\count303
) (/usr/local/texlive/2023/texmf-dist/tex/generic/pgf/basiclayer/pgfcoregraphicstate.code.tex
File: pgfcoregraphicstate.code.tex 2023-01-15 v3.1.10 (3.1.10)
\pgflinewidth=\dimen196
) (/usr/local/texlive/2023/texmf-dist/tex/generic/pgf/basiclayer/pgfcoretransformations.code.tex
File: pgfcoretransformations.code.tex 2023-01-15 v3.1.10 (3.1.10)
\pgf@pt@x=\dimen197
\pgf@pt@y=\dimen198
\pgf@pt@temp=\dimen199
) (/usr/local/texlive/2023/texmf-dist/tex/generic/pgf/basiclayer/pgfcorequick.code.tex
File: pgfcorequick.code.tex 2023-01-15 v3.1.10 (3.1.10)
) (/usr/local/texlive/2023/texmf-dist/tex/generic/pgf/basiclayer/pgfcoreobjects.code.tex
File: pgfcoreobjects.code.tex 2023-01-15 v3.1.10 (3.1.10)
) (/usr/local/texlive/2023/texmf-dist/tex/generic/pgf/basiclayer/pgfcorepathprocessing.code.tex
File: pgfcorepathprocessing.code.tex 2023-01-15 v3.1.10 (3.1.10)
) (/usr/local/texlive/2023/texmf-dist/tex/generic/pgf/basiclayer/pgfcorearrows.code.tex
File: pgfcorearrows.code.tex 2023-01-15 v3.1.10 (3.1.10)
\pgfarrowsep=\dimen256
) (/usr/local/texlive/2023/texmf-dist/tex/generic/pgf/basiclayer/pgfcoreshade.code.tex
File: pgfcoreshade.code.tex 2023-01-15 v3.1.10 (3.1.10)
\pgf@max=\dimen257
\pgf@sys@shading@range@num=\count304
\pgf@shadingcount=\count305
) (/usr/local/texlive/2023/texmf-dist/tex/generic/pgf/basiclayer/pgfcoreimage.code.tex
File: pgfcoreimage.code.tex 2023-01-15 v3.1.10 (3.1.10)
) (/usr/local/texlive/2023/texmf-dist/tex/generic/pgf/basiclayer/pgfcoreexternal.code.tex
File: pgfcoreexternal.code.tex 2023-01-15 v3.1.10 (3.1.10)
\pgfexternal@startupbox=\box75
) (/usr/local/texlive/2023/texmf-dist/tex/generic/pgf/basiclayer/pgfcorelayers.code.tex
File: pgfcorelayers.code.tex 2023-01-15 v3.1.10 (3.1.10)
) (/usr/local/texlive/2023/texmf-dist/tex/generic/pgf/basiclayer/pgfcoretransparency.code.tex
File: pgfcoretransparency.code.tex 2023-01-15 v3.1.10 (3.1.10)
) (/usr/local/texlive/2023/texmf-dist/tex/generic/pgf/basiclayer/pgfcorepatterns.code.tex
File: pgfcorepatterns.code.tex 2023-01-15 v3.1.10 (3.1.10)
) (/usr/local/texlive/2023/texmf-dist/tex/generic/pgf/basiclayer/pgfcorerdf.code.tex
File: pgfcorerdf.code.tex 2023-01-15 v3.1.10 (3.1.10)
))) (/usr/local/texlive/2023/texmf-dist/tex/generic/pgf/modules/pgfmoduleshapes.code.tex
File: pgfmoduleshapes.code.tex 2023-01-15 v3.1.10 (3.1.10)
\pgfnodeparttextbox=\box76
) (/usr/local/texlive/2023/texmf-dist/tex/generic/pgf/modules/pgfmoduleplot.code.tex
File: pgfmoduleplot.code.tex 2023-01-15 v3.1.10 (3.1.10)
) (/usr/local/texlive/2023/texmf-dist/tex/latex/pgf/compatibility/pgfcomp-version-0-65.sty
Package: pgfcomp-version-0-65 2023-01-15 v3.1.10 (3.1.10)
\pgf@nodesepstart=\dimen258
\pgf@nodesepend=\dimen259
) (/usr/local/texlive/2023/texmf-dist/tex/latex/pgf/compatibility/pgfcomp-version-1-18.sty
Package: pgfcomp-version-1-18 2023-01-15 v3.1.10 (3.1.10)
)) (/usr/local/texlive/2023/texmf-dist/tex/latex/pgf/utilities/pgffor.sty (/usr/local/texlive/2023/texmf-dist/tex/latex/pgf/utilities/pgfkeys.sty (/usr/local/texlive/2023/texmf-dist/tex/generic/pgf/utilities/pgfkeys.code.tex)) (/usr/local/texlive/2023/texmf-dist/tex/latex/pgf/math/pgfmath.sty (/usr/local/texlive/2023/texmf-dist/tex/generic/pgf/math/pgfmath.code.tex)) (/usr/local/texlive/2023/texmf-dist/tex/generic/pgf/utilities/pgffor.code.tex
Package: pgffor 2023-01-15 v3.1.10 (3.1.10)
\pgffor@iter=\dimen260
\pgffor@skip=\dimen261
\pgffor@stack=\toks36
\pgffor@toks=\toks37
)) (/usr/local/texlive/2023/texmf-dist/tex/generic/pgf/frontendlayer/tikz/tikz.code.tex
Package: tikz 2023-01-15 v3.1.10 (3.1.10)
 (/usr/local/texlive/2023/texmf-dist/tex/generic/pgf/libraries/pgflibraryplothandlers.code.tex
File: pgflibraryplothandlers.code.tex 2023-01-15 v3.1.10 (3.1.10)
\pgf@plot@mark@count=\count306
\pgfplotmarksize=\dimen262
)
\tikz@lastx=\dimen263
\tikz@lasty=\dimen264
\tikz@lastxsaved=\dimen265
\tikz@lastysaved=\dimen266
\tikz@lastmovetox=\dimen267
\tikz@lastmovetoy=\dimen268
\tikzleveldistance=\dimen269
\tikzsiblingdistance=\dimen270
\tikz@figbox=\box77
\tikz@figbox@bg=\box78
\tikz@tempbox=\box79
\tikz@tempbox@bg=\box80
\tikztreelevel=\count307
\tikznumberofchildren=\count308
\tikznumberofcurrentchild=\count309
\tikz@fig@count=\count310
 (/usr/local/texlive/2023/texmf-dist/tex/generic/pgf/modules/pgfmodulematrix.code.tex
File: pgfmodulematrix.code.tex 2023-01-15 v3.1.10 (3.1.10)
\pgfmatrixcurrentrow=\count311
\pgfmatrixcurrentcolumn=\count312
\pgf@matrix@numberofcolumns=\count313
)
\tikz@expandcount=\count314
 (/usr/local/texlive/2023/texmf-dist/tex/generic/pgf/frontendlayer/tikz/libraries/tikzlibrarytopaths.code.tex
File: tikzlibrarytopaths.code.tex 2023-01-15 v3.1.10 (3.1.10)
))) (/usr/local/texlive/2023/texmf-dist/tex/latex/booktabs/booktabs.sty
Package: booktabs 2020/01/12 v1.61803398 Publication quality tables
\heavyrulewidth=\dimen271
\lightrulewidth=\dimen272
\cmidrulewidth=\dimen273
\belowrulesep=\dimen274
\belowbottomsep=\dimen275
\aboverulesep=\dimen276
\abovetopsep=\dimen277
\cmidrulesep=\dimen278
\cmidrulekern=\dimen279
\defaultaddspace=\dimen280
\@cmidla=\count315
\@cmidlb=\count316
\@aboverulesep=\dimen281
\@belowrulesep=\dimen282
\@thisruleclass=\count317
\@lastruleclass=\count318
\@thisrulewidth=\dimen283
) (/usr/local/texlive/2023/texmf-dist/tex/latex/multirow/multirow.sty
Package: multirow 2021/03/15 v2.8 Span multiple rows of a table
\multirow@colwidth=\skip58
\multirow@cntb=\count319
\multirow@dima=\skip59
\bigstrutjot=\dimen284
) (/usr/local/texlive/2023/texmf-dist/tex/latex/tools/tabularx.sty
Package: tabularx 2020/01/15 v2.11c `tabularx' package (DPC)
\TX@col@width=\dimen285
\TX@old@table=\dimen286
\TX@old@col=\dimen287
\TX@target=\dimen288
\TX@delta=\dimen289
\TX@cols=\count320
\TX@ftn=\toks38
) (/usr/local/texlive/2023/texmf-dist/tex/latex/todonotes/todonotes.sty
Package: todonotes 2023/01/31 v1.1.6 Todonotes source and documentation.
Package: todonotes 2023/01/31
 (/usr/local/texlive/2023/texmf-dist/tex/latex/base/ifthen.sty
Package: ifthen 2022/04/13 v1.1d Standard LaTeX ifthen package (DPC)
) (/usr/local/texlive/2023/texmf-dist/tex/latex/xkeyval/xkeyval.sty
Package: xkeyval 2022/06/16 v2.9 package option processing (HA)
 (/usr/local/texlive/2023/texmf-dist/tex/generic/xkeyval/xkeyval.tex (/usr/local/texlive/2023/texmf-dist/tex/generic/xkeyval/xkvutils.tex
\XKV@toks=\toks39
\XKV@tempa@toks=\toks40
)
\XKV@depth=\count321
File: xkeyval.tex 2014/12/03 v2.7a key=value parser (HA)
)) (/usr/local/texlive/2023/texmf-dist/tex/generic/pgf/frontendlayer/tikz/libraries/tikzlibrarypositioning.code.tex
File: tikzlibrarypositioning.code.tex 2023-01-15 v3.1.10 (3.1.10)
) (/usr/local/texlive/2023/texmf-dist/tex/latex/tools/calc.sty
Package: calc 2017/05/25 v4.3 Infix arithmetic (KKT,FJ)
\calc@Acount=\count322
\calc@Bcount=\count323
\calc@Adimen=\dimen290
\calc@Bdimen=\dimen291
\calc@Askip=\skip60
\calc@Bskip=\skip61
LaTeX Info: Redefining \setlength on input line 80.
LaTeX Info: Redefining \addtolength on input line 81.
\calc@Ccount=\count324
\calc@Cskip=\skip62
)
\c@@todonotes@numberoftodonotes=\count325
) (/usr/local/texlive/2023/texmf-dist/tex/generic/pgf/frontendlayer/tikz/libraries/tikzlibraryshapes.geometric.code.tex
File: tikzlibraryshapes.geometric.code.tex 2023-01-15 v3.1.10 (3.1.10)
 (/usr/local/texlive/2023/texmf-dist/tex/generic/pgf/libraries/shapes/pgflibraryshapes.geometric.code.tex
File: pgflibraryshapes.geometric.code.tex 2023-01-15 v3.1.10 (3.1.10)
)) (/usr/local/texlive/2023/texmf-dist/tex/generic/pgf/libraries/pgflibraryarrows.meta.code.tex
File: pgflibraryarrows.meta.code.tex 2023-01-15 v3.1.10 (3.1.10)
\pgfarrowinset=\dimen292
\pgfarrowlength=\dimen293
\pgfarrowwidth=\dimen294
\pgfarrowlinewidth=\dimen295
) (/usr/local/texlive/2023/texmf-dist/tex/generic/pgf/frontendlayer/tikz/libraries/tikzlibrarycalc.code.tex
File: tikzlibrarycalc.code.tex 2023-01-15 v3.1.10 (3.1.10)
)
Class revtex4-2 Info: Unrecognized array package. Please update this document class! (Proceeding with fingers crossed.) on input line 25.
Class revtex4-2 Info: cite was not loaded (OK!) on input line 25.
Class revtex4-2 Info: mcite was not loaded (OK!) on input line 25.
Class revtex4-2 Info: multicol was not loaded (OK!) on input line 25.
 (/usr/local/texlive/2023/texmf-dist/tex/latex/l3backend/l3backend-pdftex.def
File: l3backend-pdftex.def 2023-01-16 L3 backend support: PDF output (pdfTeX)
\l__color_backend_stack_int=\count326
\l__pdf_internal_box=\box81
) (./paper.aux)
\openout1 = `paper.aux'.

LaTeX Font Info:    Checking defaults for OML/cmm/m/it on input line 25.
LaTeX Font Info:    ... okay on input line 25.
LaTeX Font Info:    Checking defaults for OMS/cmsy/m/n on input line 25.
LaTeX Font Info:    ... okay on input line 25.
LaTeX Font Info:    Checking defaults for OT1/cmr/m/n on input line 25.
LaTeX Font Info:    ... okay on input line 25.
LaTeX Font Info:    Checking defaults for T1/cmr/m/n on input line 25.
LaTeX Font Info:    ... okay on input line 25.
LaTeX Font Info:    Checking defaults for TS1/cmr/m/n on input line 25.
LaTeX Font Info:    ... okay on input line 25.
LaTeX Font Info:    Checking defaults for OMX/cmex/m/n on input line 25.
LaTeX Font Info:    ... okay on input line 25.
LaTeX Font Info:    Checking defaults for U/cmr/m/n on input line 25.
LaTeX Font Info:    ... okay on input line 25.
LaTeX Font Info:    Checking defaults for PD1/pdf/m/n on input line 25.
LaTeX Font Info:    ... okay on input line 25.
LaTeX Font Info:    Checking defaults for PU/pdf/m/n on input line 25.
LaTeX Font Info:    ... okay on input line 25.
 (/usr/local/texlive/2023/texmf-dist/tex/context/base/mkii/supp-pdf.mkii
[Loading MPS to PDF converter (version 2006.09.02).]
\scratchcounter=\count327
\scratchdimen=\dimen296
\scratchbox=\box82
\nofMPsegments=\count328
\nofMParguments=\count329
\everyMPshowfont=\toks41
\MPscratchCnt=\count330
\MPscratchDim=\dimen297
\MPnumerator=\count331
\makeMPintoPDFobject=\count332
\everyMPtoPDFconversion=\toks42
) (/usr/local/texlive/2023/texmf-dist/tex/latex/epstopdf-pkg/epstopdf-base.sty
Package: epstopdf-base 2020-01-24 v2.11 Base part for package epstopdf
Package epstopdf-base Info: Redefining graphics rule for `.eps' on input line 485.
 (/usr/local/texlive/2023/texmf-dist/tex/latex/latexconfig/epstopdf-sys.cfg
File: epstopdf-sys.cfg 2010/07/13 v1.3 Configuration of (r)epstopdf for TeX Live
))
Package caption Info: Begin \AtBeginDocument code.
Package caption Info: hyperref package is loaded.
Package caption Info: End \AtBeginDocument code.
Package hyperref Info: Link coloring OFF on input line 25.
 (./paper.out) (./paper.out)
\@outlinefile=\write5
\openout5 = `paper.out'.



Package todonotes Warning: The length marginparwidth is less than 2cm and will most likely cause issues with the appearance of inserted todonotes. The issue can be solved by adding a line like \setlength {\marginparwidth }{2cm} prior to loading the todonotes package. on input line 25.

Class revtex4-2 Info: Taking \maketitle back from hyperref on input line 25.
\openout3 = `paperNotes.bib'.

LaTeX Font Info:    Trying to load font information for U+msa on input line 58.
(/usr/local/texlive/2023/texmf-dist/tex/latex/amsfonts/umsa.fd
File: umsa.fd 2013/01/14 v3.01 AMS symbols A
)
LaTeX Font Info:    Trying to load font information for U+msb on input line 58.
 (/usr/local/texlive/2023/texmf-dist/tex/latex/amsfonts/umsb.fd
File: umsb.fd 2013/01/14 v3.01 AMS symbols B
) [1{/usr/local/texlive/2023/texmf-var/fonts/map/pdftex/updmap/pdftex.map}]
<./figures//intra.png, id=146, 673.51625pt x 854.19125pt>
File: ./figures//intra.png Graphic file (type png)
<use ./figures//intra.png>
Package pdftex.def Info: ./figures//intra.png  used on input line 78.
(pdftex.def)             Requested size: 255.0pt x 323.40997pt.

Overfull \hbox (9.0pt too wide) in paragraph at lines 78--79
 [][] 
 []

<./figures//anxplore.png, id=148, 1169.36874pt x 464.73625pt>
File: ./figures//anxplore.png Graphic file (type png)
<use ./figures//anxplore.png>
Package pdftex.def Info: ./figures//anxplore.png  used on input line 85.
(pdftex.def)             Requested size: 255.0pt x 101.34169pt.

Overfull \hbox (9.0pt too wide) in paragraph at lines 85--86
 [][] 
 []

<./figures//003.png, id=149, 513.92pt x 513.92pt>
File: ./figures//003.png Graphic file (type png)
<use ./figures//003.png>
Package pdftex.def Info: ./figures//003.png  used on input line 98.
(pdftex.def)             Requested size: 49.36855pt x 49.36398pt.
<./figures//016.png, id=150, 513.92pt x 513.92pt>
File: ./figures//016.png Graphic file (type png)
<use ./figures//016.png>
Package pdftex.def Info: ./figures//016.png  used on input line 99.
(pdftex.def)             Requested size: 49.36855pt x 49.36398pt.
<./figures//030.png, id=151, 513.92pt x 513.92pt>
File: ./figures//030.png Graphic file (type png)
<use ./figures//030.png>
Package pdftex.def Info: ./figures//030.png  used on input line 100.
(pdftex.def)             Requested size: 49.36855pt x 49.36398pt.
<./figures//087.png, id=152, 374.39874pt x 288.07625pt>
File: ./figures//087.png Graphic file (type png)
<use ./figures//087.png>
Package pdftex.def Info: ./figures//087.png  used on input line 101.
(pdftex.def)             Requested size: 49.36855pt x 37.9831pt.
<./figures//129.png, id=153, 513.92pt x 513.92pt>
File: ./figures//129.png Graphic file (type png)
<use ./figures//129.png>
Package pdftex.def Info: ./figures//129.png  used on input line 103.
(pdftex.def)             Requested size: 49.36855pt x 49.36398pt.
<./figures//131.png, id=154, 379.4175pt x 334.24875pt>
File: ./figures//131.png Graphic file (type png)
<use ./figures//131.png>
Package pdftex.def Info: ./figures//131.png  used on input line 104.
(pdftex.def)             Requested size: 49.36855pt x 43.48956pt.
<./figures//135.png, id=155, 330.23375pt x 266.9975pt>
File: ./figures//135.png Graphic file (type png)
<use ./figures//135.png>
Package pdftex.def Info: ./figures//135.png  used on input line 105.
(pdftex.def)             Requested size: 49.36855pt x 39.91344pt.
<./figures//146.png, id=156, 384.43625pt x 417.56pt>
File: ./figures//146.png Graphic file (type png)
<use ./figures//146.png>
Package pdftex.def Info: ./figures//146.png  used on input line 106.
(pdftex.def)             Requested size: 49.36855pt x 53.62207pt.
<./figures//point_cloud.png, id=157, 700.11563pt x 590.95781pt>
File: ./figures//point_cloud.png Graphic file (type png)
<use ./figures//point_cloud.png>
Package pdftex.def Info: ./figures//point_cloud.png  used on input line 111.
(pdftex.def)             Requested size: 224.40125pt x 189.40793pt.
[2 <./figures//intra.png> <./figures//anxplore.png>] [3 <./figures//003.png> <./figures//016.png> <./figures//030.png> <./figures//087.png> <./figures//129.png> <./figures//131.png> <./figures//135.png> <./figures//146.png> <./figures//point_cloud.png>]
Underfull \hbox (badness 1675) in paragraph at lines 188--189
\OT1/cmr/m/n/10 The AnX-plore dataset [[]] con-tains 101 3D mod-
 []


Underfull \hbox (badness 1348) in paragraph at lines 188--189
\OT1/cmr/m/n/10 els of in-tracra-nial aneurysms, each with as-so-ci-ated
 []

<./figures//t-sne_mean.png, id=233, 479.8728pt x 387.1263pt>
File: ./figures//t-sne_mean.png Graphic file (type png)
<use ./figures//t-sne_mean.png>
Package pdftex.def Info: ./figures//t-sne_mean.png  used on input line 201.
(pdftex.def)             Requested size: 239.70062pt x 193.37364pt.
[4 <./figures//t-sne_mean.png>]
<./figures//pca_mean.png, id=246, 479.8728pt x 387.1263pt>
File: ./figures//pca_mean.png Graphic file (type png)
<use ./figures//pca_mean.png>
Package pdftex.def Info: ./figures//pca_mean.png  used on input line 215.
(pdftex.def)             Requested size: 163.20374pt x 131.66254pt.
<./figures//pca_std.png, id=247, 479.8728pt x 386.8854pt>
File: ./figures//pca_std.png Graphic file (type png)
<use ./figures//pca_std.png>
Package pdftex.def Info: ./figures//pca_std.png  used on input line 216.
(pdftex.def)             Requested size: 163.20374pt x 131.58061pt.
<./figures//pca_min.png, id=248, 479.8728pt x 387.1263pt>
File: ./figures//pca_min.png Graphic file (type png)
<use ./figures//pca_min.png>
Package pdftex.def Info: ./figures//pca_min.png  used on input line 217.
(pdftex.def)             Requested size: 163.20374pt x 131.66254pt.
<./figures//t-sne_global_mean.png, id=252, 463.0098pt x 387.1263pt>
File: ./figures//t-sne_global_mean.png Graphic file (type png)
<use ./figures//t-sne_global_mean.png>
Package pdftex.def Info: ./figures//t-sne_global_mean.png  used on input line 228.
(pdftex.def)             Requested size: 239.70062pt x 200.41486pt.


LaTeX Warning: `!h' float specifier changed to `!ht'.

<./figures//pca_intra_features.png, id=255, 463.0098pt x 387.1263pt>
File: ./figures//pca_intra_features.png Graphic file (type png)
<use ./figures//pca_intra_features.png>
Package pdftex.def Info: ./figures//pca_intra_features.png  used on input line 235.
(pdftex.def)             Requested size: 239.70062pt x 200.41486pt.

LaTeX Warning: `!h' float specifier changed to `!ht'.

<./figures//cluster_11.png, id=259, 169.88843pt x 113.25896pt>
File: ./figures//cluster_11.png Graphic file (type png)
<use ./figures//cluster_11.png>
Package pdftex.def Info: ./figures//cluster_11.png  used on input line 244.
(pdftex.def)             Requested size: 101.99844pt x 68.00082pt.
<./figures//cluster_13.png, id=260, 312.27112pt x 186.06828pt>
File: ./figures//cluster_13.png Graphic file (type png)
<use ./figures//cluster_13.png>
Package pdftex.def Info: ./figures//cluster_13.png  used on input line 245.
(pdftex.def)             Requested size: 137.70218pt x 82.04916pt.
<./figures//cluster_14.png, id=261, 382.92314pt x 265.34955pt>
File: ./figures//cluster_14.png Graphic file (type png)
<use ./figures//cluster_14.png>
Package pdftex.def Info: ./figures//cluster_14.png  used on input line 246.
(pdftex.def)             Requested size: 142.79938pt x 98.95113pt.
<./figures//cluster_6.png, id=262, 340.85553pt x 285.3047pt>
File: ./figures//cluster_6.png Graphic file (type png)
<use ./figures//cluster_6.png>
Package pdftex.def Info: ./figures//cluster_6.png  used on input line 247.
(pdftex.def)             Requested size: 91.79626pt x 76.83304pt.

LaTeX Warning: `!h' float specifier changed to `!ht'.

LaTeX Font Info:    Trying to load font information for TS1+cmss on input line 280.
(/usr/local/texlive/2023/texmf-dist/tex/latex/base/ts1cmss.fd
File: ts1cmss.fd 2022/07/10 v2.5l Standard LaTeX font definitions
) [5] [6 <./figures//pca_mean.png> <./figures//pca_std.png> <./figures//pca_min.png> <./figures//t-sne_global_mean.png> <./figures//pca_intra_features.png>]

LaTeX Warning: A float is stuck (cannot be placed) on input line 349.


LaTeX Warning: A float is stuck (cannot be placed) on input line 349.


Class revtex4-2 Warning: Deferred float stuck during \clearpage processing.


LaTeX Warning: `h' float specifier changed to `ht'.


LaTeX Warning: `h' float specifier changed to `ht'.


LaTeX Warning: `h' float specifier changed to `ht'.

[7 <./figures//cluster_11.png> <./figures//cluster_13.png> <./figures//cluster_14.png> <./figures//cluster_6.png>]
Package hyperref Info: bookmark level for unknown todo defaults to 0 on input line 514.

Overfull \hbox (13.30557pt too wide) in paragraph at lines 514--514
[][][]\OT1/cmr/m/n/10 Recheck 
 []


Overfull \hbox (10.1112pt too wide) in paragraph at lines 514--514
\OT1/cmr/m/n/10 bib/doi[]  
 []


Overfull \hbox (13.30557pt too wide) in paragraph at lines 514--514
[][][]\OT1/cmr/m/n/10 Recheck 
 []


Overfull \hbox (10.1112pt too wide) in paragraph at lines 514--514
\OT1/cmr/m/n/10 bib/doi[]  
 []

[8{/usr/local/texlive/2023/texmf-dist/fonts/enc/dvips/cm-super/cm-super-ts1.enc}]

LaTeX Warning: A float is stuck (cannot be placed) on input line 516.


LaTeX Warning: A float is stuck (cannot be placed) on input line 516.


Class revtex4-2 Warning: Deferred float stuck during \clearpage processing.


Underfull \hbox (badness 1365) in paragraph at lines 523--524
[]\OT1/cmr/m/n/10 For fu-ture work, it would be in-ter-est-ing to ap-
 []

(./paper.bbl [9]) [10]

LaTeX Warning: `h' float specifier changed to `ht'.

[11] [12]
File: ./figures//pca_mean.png Graphic file (type png)
<use ./figures//pca_mean.png>
Package pdftex.def Info: ./figures//pca_mean.png  used on input line 666.
(pdftex.def)             Requested size: 168.30093pt x 135.77386pt.
File: ./figures//pca_std.png Graphic file (type png)
<use ./figures//pca_std.png>
Package pdftex.def Info: ./figures//pca_std.png  used on input line 667.
(pdftex.def)             Requested size: 168.30093pt x 135.68938pt.
File: ./figures//pca_min.png Graphic file (type png)
<use ./figures//pca_min.png>
Package pdftex.def Info: ./figures//pca_min.png  used on input line 668.
(pdftex.def)             Requested size: 168.30093pt x 135.77386pt.
<./figures//pca_max.png, id=442, 479.8728pt x 387.1263pt>
File: ./figures//pca_max.png Graphic file (type png)
<use ./figures//pca_max.png>
Package pdftex.def Info: ./figures//pca_max.png  used on input line 669.
(pdftex.def)             Requested size: 168.30093pt x 135.77386pt.
<./figures//pca_intra_mean.png, id=443, 463.0098pt x 387.1263pt>
File: ./figures//pca_intra_mean.png Graphic file (type png)
<use ./figures//pca_intra_mean.png>
Package pdftex.def Info: ./figures//pca_intra_mean.png  used on input line 678.
(pdftex.def)             Requested size: 168.30093pt x 140.71808pt.
<./figures//pca_intra_std.png, id=444, 463.0098pt x 386.8854pt>
File: ./figures//pca_intra_std.png Graphic file (type png)
<use ./figures//pca_intra_std.png>
Package pdftex.def Info: ./figures//pca_intra_std.png  used on input line 679.
(pdftex.def)             Requested size: 168.30093pt x 140.63051pt.
<./figures//pca_intra_min.png, id=445, 463.0098pt x 387.1263pt>
File: ./figures//pca_intra_min.png Graphic file (type png)
<use ./figures//pca_intra_min.png>
Package pdftex.def Info: ./figures//pca_intra_min.png  used on input line 680.
(pdftex.def)             Requested size: 168.30093pt x 140.71808pt.
<./figures//pca_intra_max.png, id=446, 463.0098pt x 387.1263pt>
File: ./figures//pca_intra_max.png Graphic file (type png)
<use ./figures//pca_intra_max.png>
Package pdftex.def Info: ./figures//pca_intra_max.png  used on input line 681.
(pdftex.def)             Requested size: 168.30093pt x 140.71808pt.
File: ./figures//t-sne_mean.png Graphic file (type png)
<use ./figures//t-sne_mean.png>
Package pdftex.def Info: ./figures//t-sne_mean.png  used on input line 688.
(pdftex.def)             Requested size: 173.39813pt x 139.88518pt.
<./figures//t-sne_std.png, id=447, 479.8728pt x 387.1263pt>
File: ./figures//t-sne_std.png Graphic file (type png)
<use ./figures//t-sne_std.png>
Package pdftex.def Info: ./figures//t-sne_std.png  used on input line 689.
(pdftex.def)             Requested size: 173.39813pt x 139.88518pt.
<./figures//t-sne_min.png, id=448, 479.8728pt x 387.1263pt>
File: ./figures//t-sne_min.png Graphic file (type png)
<use ./figures//t-sne_min.png>
Package pdftex.def Info: ./figures//t-sne_min.png  used on input line 690.
(pdftex.def)             Requested size: 173.39813pt x 139.88518pt.
<./figures//t-sne_max.png, id=449, 479.8728pt x 387.1263pt>
File: ./figures//t-sne_max.png Graphic file (type png)
<use ./figures//t-sne_max.png>
Package pdftex.def Info: ./figures//t-sne_max.png  used on input line 691.
(pdftex.def)             Requested size: 173.39813pt x 139.88518pt.


LaTeX Warning: `!h' float specifier changed to `!ht'.

File: ./figures//pca_intra_features.png Graphic file (type png)
<use ./figures//pca_intra_features.png>
Package pdftex.def Info: ./figures//pca_intra_features.png  used on input line 698.
(pdftex.def)             Requested size: 173.39813pt x 144.97707pt.
<./figures//pca_intra_features_2.png, id=450, 463.0098pt x 386.8854pt>
File: ./figures//pca_intra_features_2.png Graphic file (type png)
<use ./figures//pca_intra_features_2.png>
Package pdftex.def Info: ./figures//pca_intra_features_2.png  used on input line 699.
(pdftex.def)             Requested size: 173.39813pt x 144.88686pt.
<./figures//t-sne_intra_features.png, id=451, 463.0098pt x 387.1263pt>
File: ./figures//t-sne_intra_features.png Graphic file (type png)
<use ./figures//t-sne_intra_features.png>
Package pdftex.def Info: ./figures//t-sne_intra_features.png  used on input line 700.
(pdftex.def)             Requested size: 173.39813pt x 144.97707pt.
<./figures//t-sne_intra_features_2.png, id=452, 462.528pt x 387.1263pt>
File: ./figures//t-sne_intra_features_2.png Graphic file (type png)
<use ./figures//t-sne_intra_features_2.png>
Package pdftex.def Info: ./figures//t-sne_intra_features_2.png  used on input line 701.
(pdftex.def)             Requested size: 173.39813pt x 145.13065pt.

LaTeX Warning: `h' float specifier changed to `ht'.

<./figures//pca_global_mean.png, id=453, 463.0098pt x 386.8854pt>
File: ./figures//pca_global_mean.png Graphic file (type png)
<use ./figures//pca_global_mean.png>
Package pdftex.def Info: ./figures//pca_global_mean.png  used on input line 708.
(pdftex.def)             Requested size: 173.39813pt x 144.88686pt.
<./figures//pca_global_std.png, id=454, 462.528pt x 387.1263pt>
File: ./figures//pca_global_std.png Graphic file (type png)
<use ./figures//pca_global_std.png>
Package pdftex.def Info: ./figures//pca_global_std.png  used on input line 709.
(pdftex.def)             Requested size: 173.39813pt x 145.13065pt.
<./figures//pca_global_min.png, id=455, 463.0098pt x 387.1263pt>
File: ./figures//pca_global_min.png Graphic file (type png)
<use ./figures//pca_global_min.png>
Package pdftex.def Info: ./figures//pca_global_min.png  used on input line 710.
(pdftex.def)             Requested size: 173.39813pt x 144.97707pt.
<./figures//pca_global_max.png, id=456, 463.0098pt x 387.1263pt>
File: ./figures//pca_global_max.png Graphic file (type png)
<use ./figures//pca_global_max.png>
Package pdftex.def Info: ./figures//pca_global_max.png  used on input line 711.
(pdftex.def)             Requested size: 173.39813pt x 144.97707pt.

LaTeX Warning: `!h' float specifier changed to `!ht'.

File: ./figures//t-sne_global_mean.png Graphic file (type png)
<use ./figures//t-sne_global_mean.png>
Package pdftex.def Info: ./figures//t-sne_global_mean.png  used on input line 718.
(pdftex.def)             Requested size: 173.39813pt x 144.97707pt.
<./figures//t-sne_global_std.png, id=457, 463.0098pt x 387.1263pt>
File: ./figures//t-sne_global_std.png Graphic file (type png)
<use ./figures//t-sne_global_std.png>
Package pdftex.def Info: ./figures//t-sne_global_std.png  used on input line 719.
(pdftex.def)             Requested size: 173.39813pt x 144.97707pt.
<./figures//t-sne_global_min.png, id=458, 463.0098pt x 387.1263pt>
File: ./figures//t-sne_global_min.png Graphic file (type png)
<use ./figures//t-sne_global_min.png>
Package pdftex.def Info: ./figures//t-sne_global_min.png  used on input line 720.
(pdftex.def)             Requested size: 173.39813pt x 144.97707pt.
<./figures//t-sne_global_max.png, id=459, 463.0098pt x 387.1263pt>
File: ./figures//t-sne_global_max.png Graphic file (type png)
<use ./figures//t-sne_global_max.png>
Package pdftex.def Info: ./figures//t-sne_global_max.png  used on input line 721.
(pdftex.def)             Requested size: 173.39813pt x 144.97707pt.

LaTeX Warning: `!h' float specifier changed to `!ht'.

<./figures//cluster_2.png, id=460, 383.46246pt x 201.7088pt>
File: ./figures//cluster_2.png Graphic file (type png)
<use ./figures//cluster_2.png>
Package pdftex.def Info: ./figures//cluster_2.png  used on input line 730.
(pdftex.def)             Requested size: 168.30093pt x 88.53053pt.
File: ./figures//cluster_6.png Graphic file (type png)
<use ./figures//cluster_6.png>
Package pdftex.def Info: ./figures//cluster_6.png  used on input line 731.
(pdftex.def)             Requested size: 101.99844pt x 85.37439pt.
<./figures//cluster_0.png, id=461, 360.81067pt x 232.98985pt>
File: ./figures//cluster_0.png Graphic file (type png)
<use ./figures//cluster_0.png>
Package pdftex.def Info: ./figures//cluster_0.png  used on input line 732.
(pdftex.def)             Requested size: 153.00156pt x 98.80072pt.
<./figures//cluster_3.png, id=462, 343.55217pt x 252.945pt>
File: ./figures//cluster_3.png Graphic file (type png)
<use ./figures//cluster_3.png>
Package pdftex.def Info: ./figures//cluster_3.png  used on input line 733.
(pdftex.def)             Requested size: 126.98639pt x 93.49554pt.
<./figures//cluster_4.png, id=463, 374.8332pt x 220.5853pt>
File: ./figures//cluster_4.png Graphic file (type png)
<use ./figures//cluster_4.png>
Package pdftex.def Info: ./figures//cluster_4.png  used on input line 734.
(pdftex.def)             Requested size: 162.69012pt x 95.74178pt.
<./figures//cluster_5.png, id=464, 378.06918pt x 272.90015pt>
File: ./figures//cluster_5.png Graphic file (type png)
<use ./figures//cluster_5.png>
Package pdftex.def Info: ./figures//cluster_5.png  used on input line 735.
(pdftex.def)             Requested size: 147.39075pt x 106.38898pt.
<./figures//cluster_1.png, id=465, 380.76582pt x 210.33806pt>
File: ./figures//cluster_1.png Graphic file (type png)
<use ./figures//cluster_1.png>
Package pdftex.def Info: ./figures//cluster_1.png  used on input line 736.
(pdftex.def)             Requested size: 168.30093pt x 92.97267pt.
<./figures//cluster_7.png, id=466, 369.97925pt x 223.28194pt>
File: ./figures//cluster_7.png Graphic file (type png)
<use ./figures//cluster_7.png>
Package pdftex.def Info: ./figures//cluster_7.png  used on input line 737.
(pdftex.def)             Requested size: 137.18857pt x 82.79358pt.
<./figures//cluster_8.png, id=467, 381.30515pt x 211.95604pt>
File: ./figures//cluster_8.png Graphic file (type png)
<use ./figures//cluster_8.png>
Package pdftex.def Info: ./figures//cluster_8.png  used on input line 738.
(pdftex.def)             Requested size: 162.69012pt x 90.43425pt.
<./figures//cluster_9.png, id=468, 367.82195pt x 227.05724pt>
File: ./figures//cluster_9.png Graphic file (type png)
<use ./figures//cluster_9.png>
Package pdftex.def Info: ./figures//cluster_9.png  used on input line 739.
(pdftex.def)             Requested size: 158.09875pt x 97.59457pt.
<./figures//cluster_10.png, id=469, 359.73201pt x 234.60783pt>
File: ./figures//cluster_10.png Graphic file (type png)
<use ./figures//cluster_10.png>
Package pdftex.def Info: ./figures//cluster_10.png  used on input line 740.
(pdftex.def)             Requested size: 158.09875pt x 103.10962pt.
File: ./figures//cluster_11.png Graphic file (type png)
<use ./figures//cluster_11.png>
Package pdftex.def Info: ./figures//cluster_11.png  used on input line 741.
(pdftex.def)             Requested size: 104.55093pt x 69.70135pt.
<./figures//cluster_12.png, id=470, 380.76582pt x 213.0347pt>
File: ./figures//cluster_12.png Graphic file (type png)
<use ./figures//cluster_12.png>
Package pdftex.def Info: ./figures//cluster_12.png  used on input line 742.
(pdftex.def)             Requested size: 160.13763pt x 89.59747pt.
File: ./figures//cluster_13.png Graphic file (type png)
<use ./figures//cluster_13.png>
Package pdftex.def Info: ./figures//cluster_13.png  used on input line 743.
(pdftex.def)             Requested size: 144.33243pt x 86.00128pt.
File: ./figures//cluster_14.png Graphic file (type png)
<use ./figures//cluster_14.png>
Package pdftex.def Info: ./figures//cluster_14.png  used on input line 744.
(pdftex.def)             Requested size: 160.13763pt x 110.96828pt.

LaTeX Warning: `!h' float specifier changed to `!ht'.

[13 <./figures//pca_max.png> <./figures//pca_intra_mean.png> <./figures//pca_intra_std.png> <./figures//pca_intra_min.png> <./figures//pca_intra_max.png>] [14 <./figures//t-sne_std.png> <./figures//t-sne_min.png> <./figures//t-sne_max.png> <./figures//pca_intra_features_2.png> <./figures//t-sne_intra_features.png> <./figures//t-sne_intra_features_2.png>] [15 <./figures//pca_global_mean.png> <./figures//pca_global_std.png> <./figures//pca_global_min.png> <./figures//pca_global_max.png> <./figures//t-sne_global_std.png> <./figures//t-sne_global_min.png> <./figures//t-sne_global_max.png>] [16 <./figures//cluster_2.png> <./figures//cluster_0.png> <./figures//cluster_3.png> <./figures//cluster_4.png> <./figures//cluster_5.png> <./figures//cluster_1.png> <./figures//cluster_7.png> <./figures//cluster_8.png> <./figures//cluster_9.png> <./figures//cluster_10.png> <./figures//cluster_12.png>] (./paper.aux)
Package rerunfilecheck Info: File `paper.out' has not changed.
(rerunfilecheck)             Checksum: 0841049D774014A9D9C2DD821E7AAFA2;3501.
 ) 
Here is how much of TeX's memory you used:
 26100 strings out of 476025
 491900 string characters out of 5790016
 1910388 words of memory out of 5000000
 45978 multiletter control sequences out of 15000+600000
 526731 words of font info for 85 fonts, out of 8000000 for 9000
 1141 hyphenation exceptions out of 8191
 84i,14n,89p,1369b,972s stack positions out of 10000i,1000n,20000p,200000b,200000s
</usr/local/texlive/2023/texmf-dist/fonts/type1/public/amsfonts/cm/cmbx10.pfb></usr/local/texlive/2023/texmf-dist/fonts/type1/public/amsfonts/cm/cmbx12.pfb></usr/local/texlive/2023/texmf-dist/fonts/type1/public/amsfonts/cm/cmbx8.pfb></usr/local/texlive/2023/texmf-dist/fonts/type1/public/amsfonts/cm/cmbx9.pfb></usr/local/texlive/2023/texmf-dist/fonts/type1/public/amsfonts/cm/cmex10.pfb></usr/local/texlive/2023/texmf-dist/fonts/type1/public/amsfonts/cm/cmmi10.pfb></usr/local/texlive/2023/texmf-dist/fonts/type1/public/amsfonts/cm/cmmi7.pfb></usr/local/texlive/2023/texmf-dist/fonts/type1/public/amsfonts/cm/cmr10.pfb></usr/local/texlive/2023/texmf-dist/fonts/type1/public/amsfonts/cm/cmr5.pfb></usr/local/texlive/2023/texmf-dist/fonts/type1/public/amsfonts/cm/cmr7.pfb></usr/local/texlive/2023/texmf-dist/fonts/type1/public/amsfonts/cm/cmr8.pfb></usr/local/texlive/2023/texmf-dist/fonts/type1/public/amsfonts/cm/cmr9.pfb></usr/local/texlive/2023/texmf-dist/fonts/type1/public/amsfonts/cm/cmss9.pfb></usr/local/texlive/2023/texmf-dist/fonts/type1/public/amsfonts/cm/cmssbx10.pfb></usr/local/texlive/2023/texmf-dist/fonts/type1/public/amsfonts/cm/cmsy10.pfb></usr/local/texlive/2023/texmf-dist/fonts/type1/public/amsfonts/cm/cmsy6.pfb></usr/local/texlive/2023/texmf-dist/fonts/type1/public/amsfonts/cm/cmsy7.pfb></usr/local/texlive/2023/texmf-dist/fonts/type1/public/amsfonts/cm/cmti10.pfb></usr/local/texlive/2023/texmf-dist/fonts/type1/public/amsfonts/cm/cmti9.pfb></usr/local/texlive/2023/texmf-dist/fonts/type1/public/amsfonts/cm/cmtt10.pfb></usr/local/texlive/2023/texmf-dist/fonts/type1/public/amsfonts/cm/cmtt9.pfb></usr/local/texlive/2023/texmf-dist/fonts/type1/public/amsfonts/symbols/msbm10.pfb></usr/local/texlive/2023/texmf-dist/fonts/type1/public/cm-super/sfss0900.pfb>
Output written on paper.pdf (16 pages, 15061151 bytes).
PDF statistics:
 644 PDF objects out of 1000 (max. 8388607)
 471 compressed objects within 5 object streams
 88 named destinations out of 1000 (max. 500000)
 423 words of extra memory for PDF output out of 10000 (max. 10000000)

