\BOOKMARK [0][-]{section*.2}{\376\377\000E\000n\000h\000a\000n\000c\000i\000n\000g\000\040\000A\000n\000e\000u\000r\000y\000s\000m\000\040\000A\000n\000a\000l\000y\000s\000i\000s\000\040\000w\000i\000t\000h\000\040\000S\000u\000r\000f\000a\000c\000e\000\040\000F\000e\000a\000t\000u\000r\000e\000s}{}% 2
\BOOKMARK [1][-]{section*.1}{\376\377\000A\000b\000s\000t\000r\000a\000c\000t}{section*.2}% 1
\BOOKMARK [1][-]{section*.3}{\376\377\000I\000n\000t\000r\000o\000d\000u\000c\000t\000i\000o\000n}{section*.2}% 3
\BOOKMARK [1][-]{section*.6}{\376\377\000R\000e\000l\000a\000t\000e\000d\000\040\000A\000l\000g\000o\000r\000i\000t\000h\000m\000s}{section*.2}% 4
\BOOKMARK [2][-]{section*.7}{\376\377\000T\000R\000E\000L\000L\000I\000S\000\040\000e\000n\000c\000o\000d\000i\000n\000g}{section*.6}% 5
\BOOKMARK [2][-]{section*.9}{\376\377\000P\000o\000i\000n\000t\000\040\000C\000l\000o\000u\000d\000-\000B\000a\000s\000e\000d\000\040\000M\000e\000t\000h\000o\000d\000s}{section*.6}% 6
\BOOKMARK [2][-]{section*.10}{\376\377\000G\000r\000a\000p\000h\000\040\000N\000e\000u\000r\000a\000l\000\040\000N\000e\000t\000w\000o\000r\000k\000s\000\040\000\050\000G\000N\000N\000s\000\051}{section*.6}% 7
\BOOKMARK [1][-]{section*.11}{\376\377\000D\000a\000t\000a\000s\000e\000t\000s}{section*.2}% 8
\BOOKMARK [2][-]{section*.12}{\376\377\000I\000n\000t\000r\000a\000\040\0003\000D\000\040\000D\000a\000t\000a\000s\000e\000t}{section*.11}% 9
\BOOKMARK [2][-]{section*.13}{\376\377\000A\000n\000X\000p\000l\000o\000r\000e\000\040\000D\000a\000t\000a\000s\000e\000t}{section*.11}% 10
\BOOKMARK [1][-]{section*.14}{\376\377\000A\000n\000a\000l\000y\000s\000i\000s\000\040\000o\000f\000\040\000t\000h\000e\000\040\000T\000R\000E\000L\000L\000I\000S\000\040\000f\000e\000a\000t\000u\000r\000e\000s}{section*.2}% 11
\BOOKMARK [1][-]{section*.20}{\376\377\000M\000e\000t\000h\000o\000d\000o\000l\000o\000g\000y}{section*.2}% 12
\BOOKMARK [2][-]{section*.21}{\376\377\000C\000l\000a\000s\000s\000i\000f\000i\000c\000a\000t\000i\000o\000n}{section*.20}% 13
\BOOKMARK [2][-]{section*.23}{\376\377\000S\000e\000g\000m\000e\000n\000t\000a\000t\000i\000o\000n}{section*.20}% 14
\BOOKMARK [2][-]{section*.24}{\376\377\000G\000r\000a\000p\000h\000\040\000N\000e\000u\000r\000a\000l\000\040\000N\000e\000t\000w\000o\000r\000k\000s\000\040\000f\000o\000r\000\040\000B\000l\000o\000o\000d\000\040\000F\000l\000o\000w\000\040\000S\000i\000m\000u\000l\000a\000t\000i\000o\000n}{section*.20}% 15
\BOOKMARK [1][-]{section*.25}{\376\377\000R\000e\000s\000u\000l\000t\000s}{section*.2}% 16
\BOOKMARK [1][-]{section*.29}{\376\377\000C\000o\000n\000c\000l\000u\000s\000i\000o\000n}{section*.2}% 17
\BOOKMARK [1][-]{section*.30}{\376\377\000R\000e\000f\000e\000r\000e\000n\000c\000e\000s}{section*.2}% 18
\BOOKMARK [1][-]{section*.31}{\376\377\000C\000o\000m\000p\000a\000r\000i\000s\000o\000n\000s\000\040\000o\000f\000\040\000t\000h\000e\000\040\000P\000e\000r\000f\000o\000r\000m\000a\000n\000c\000e\000s\000\040\000o\000f\000\040\000t\000h\000e\000\040\000D\000i\000f\000f\000e\000r\000e\000n\000t\000\040\000M\000o\000d\000e\000l\000s}{section*.2}% 19
\BOOKMARK [1][-]{section*.34}{\376\377\000S\000u\000p\000p\000l\000e\000m\000e\000n\000t\000a\000r\000y\000\040\000f\000i\000g\000u\000r\000e\000s\000\040\000o\000n\000\040\000t\000h\000e\000\040\000a\000n\000a\000l\000y\000s\000i\000s\000\040\000o\000f\000\040\000t\000h\000e\000\040\000T\000R\000E\000L\000L\000I\000S\000\040\000f\000e\000a\000t\000u\000r\000e\000s}{section*.2}% 20
